[2021-10-29 05:54:13] dotdigital.INFO: Integration insight data sent {"integration":"03a7f673f4.nxcli.net","success":true} []
[2021-10-29 05:54:14] dotdigital.INFO: Integration insight data sent {"integration":"03a7f673f4.nxcli.net","success":true} []
[2021-10-29 06:00:21] dotdigital.INFO: ----------- Catalog sync ----------- : 00:00:00, Total processed = 1, Total synced = 1 [] []
[2021-10-29 06:15:32] dotdigital.INFO: ----------- Catalog sync ----------- : 00:00:00, Total processed = 50, Total synced = 50 [] []
[2021-10-29 06:30:28] dotdigital.INFO: ----------- Catalog sync ----------- : 00:00:00, Total processed = 50, Total synced = 50 [] []
[2021-10-29 06:45:37] dotdigital.INFO: ----------- Catalog sync ----------- : 00:00:00, Total processed = 50, Total synced = 50 [] []
[2021-10-29 07:00:39] dotdigital.DEBUG: PDOException: SQLSTATE[42S22]: Column not found: 1054 Unknown column 'entity_value.value' in 'field list' in /chroot/home/a11c8de6/03a7f673f4.nxcli.net/vendor/magento/framework/DB/Statement/Pdo/Mysql.php:91
Stack trace:
#0 /chroot/home/a11c8de6/03a7f673f4.nxcli.net/vendor/magento/framework/DB/Statement/Pdo/Mysql.php(91): PDOStatement->execute(Array)
#1 /chroot/home/a11c8de6/03a7f673f4.nxcli.net/vendor/magento/framework/DB/Statement/Pdo/Mysql.php(107): Magento\Framework\DB\Statement\Pdo\Mysql->Magento\Framework\DB\Statement\Pdo\{closure}()
#2 /chroot/home/a11c8de6/03a7f673f4.nxcli.net/vendor/magento/framework/DB/Statement/Pdo/Mysql.php(92): Magento\Framework\DB\Statement\Pdo\Mysql->tryExecute(Object(Closure))
#3 /chroot/home/a11c8de6/03a7f673f4.nxcli.net/vendor/magento/zendframework1/library/Zend/Db/Statement.php(303): Magento\Framework\DB\Statement\Pdo\Mysql->_execute(Array)
#4 /chroot/home/a11c8de6/03a7f673f4.nxcli.net/vendor/magento/zendframework1/library/Zend/Db/Adapter/Abstract.php(480): Zend_Db_Statement->execute(Array)
#5 /chroot/home/a11c8de6/03a7f673f4.nxcli.net/vendor/magento/zendframework1/library/Zend/Db/Adapter/Pdo/Abstract.php(238): Zend_Db_Adapter_Abstract->query('SELECT `entity`...', Array)
#6 /chroot/home/a11c8de6/03a7f673f4.nxcli.net/vendor/magento/framework/DB/Adapter/Pdo/Mysql.php(542): Zend_Db_Adapter_Pdo_Abstract->query('SELECT `entity`...', Array)
#7 /chroot/home/a11c8de6/03a7f673f4.nxcli.net/vendor/magento/framework/DB/Adapter/Pdo/Mysql.php(617): Magento\Framework\DB\Adapter\Pdo\Mysql->_query('SELECT `entity`...', Array)
#8 /chroot/home/a11c8de6/03a7f673f4.nxcli.net/vendor/magento/zendframework1/library/Zend/Db/Adapter/Abstract.php(737): Magento\Framework\DB\Adapter\Pdo\Mysql->query(Object(Magento\Framework\DB\Select), Array)
#9 /chroot/home/a11c8de6/03a7f673f4.nxcli.net/vendor/magento/module-configurable-product/Model/AttributeOptionProvider.php(57): Zend_Db_Adapter_Abstract->fetchAll(Object(Magento\Framework\DB\Select))
#10 /chroot/home/a11c8de6/03a7f673f4.nxcli.net/generated/code/Magento/ConfigurableProduct/Model/AttributeOptionProvider/Proxy.php(95): Magento\ConfigurableProduct\Model\AttributeOptionProvider->getAttributeOptions(Object(Magento\Catalog\Model\ResourceModel\Eav\Attribute\Interceptor), '14551')
#11 /chroot/home/a11c8de6/03a7f673f4.nxcli.net/vendor/magento/module-configurable-product/Model/ResourceModel/Product/Type/Configurable.php(238): Magento\ConfigurableProduct\Model\AttributeOptionProvider\Proxy->getAttributeOptions(Object(Magento\Catalog\Model\ResourceModel\Eav\Attribute\Interceptor), '14551')
#12 /chroot/home/a11c8de6/03a7f673f4.nxcli.net/vendor/magento/module-configurable-product/Model/ResourceModel/Product/Type/Configurable/Attribute/Collection.php(321): Magento\ConfigurableProduct\Model\ResourceModel\Product\Type\Configurable->getAttributeOptions(Object(Magento\Catalog\Model\ResourceModel\Eav\Attribute\Interceptor), '14551')
#13 /chroot/home/a11c8de6/03a7f673f4.nxcli.net/vendor/magento/module-configurable-product/Model/ResourceModel/Product/Type/Configurable/Attribute/Collection.php(205): Magento\ConfigurableProduct\Model\ResourceModel\Product\Type\Configurable\Attribute\Collection->loadOptions()
#14 /chroot/home/a11c8de6/03a7f673f4.nxcli.net/vendor/magento/framework/Data/Collection/AbstractDb.php(590): Magento\ConfigurableProduct\Model\ResourceModel\Product\Type\Configurable\Attribute\Collection->_afterLoad()
#15 /chroot/home/a11c8de6/03a7f673f4.nxcli.net/vendor/magento/framework/Data/Collection/AbstractDb.php(561): Magento\Framework\Data\Collection\AbstractDb->loadWithFilter(false, false)
#16 /chroot/home/a11c8de6/03a7f673f4.nxcli.net/vendor/magento/framework/Data/Collection.php(838): Magento\Framework\Data\Collection\AbstractDb->load()
#17 /chroot/home/a11c8de6/03a7f673f4.nxcli.net/vendor/magento/module-configurable-product/Helper/Product/Options/Loader.php(54): Magento\Framework\Data\Collection->getIterator()
#18 /chroot/home/a11c8de6/03a7f673f4.nxcli.net/vendor/magento/module-configurable-product/Model/Product/ReadHandler.php(48): Magento\ConfigurableProduct\Helper\Product\Options\Loader->load(Object(Magento\Catalog\Model\Product\Interceptor))
#19 /chroot/home/a11c8de6/03a7f673f4.nxcli.net/vendor/magento/framework/EntityManager/Operation/Read/ReadExtensions.php(48): Magento\ConfigurableProduct\Model\Product\ReadHandler->execute(Object(Magento\Catalog\Model\Product\Interceptor), Array)
#20 /chroot/home/a11c8de6/03a7f673f4.nxcli.net/vendor/magento/framework/EntityManager/Operation/Read.php(112): Magento\Framework\EntityManager\Operation\Read\ReadExtensions->execute(Object(Magento\Catalog\Model\Product\Interceptor), Array)
#21 /chroot/home/a11c8de6/03a7f673f4.nxcli.net/vendor/magento/framework/EntityManager/EntityManager.php(70): Magento\Framework\EntityManager\Operation\Read->execute(Object(Magento\Catalog\Model\Product\Interceptor), '14551', Array)
#22 /chroot/home/a11c8de6/03a7f673f4.nxcli.net/vendor/magento/module-catalog/Model/ResourceModel/Product.php(638): Magento\Framework\EntityManager\EntityManager->load(Object(Magento\Catalog\Model\Product\Interceptor), '14551')
#23 /chroot/home/a11c8de6/03a7f673f4.nxcli.net/vendor/magento/framework/Model/AbstractModel.php(540): Magento\Catalog\Model\ResourceModel\Product->load(Object(Magento\Catalog\Model\Product\Interceptor), '14551', NULL)
#24 /chroot/home/a11c8de6/03a7f673f4.nxcli.net/vendor/magento/framework/Interception/Interceptor.php(58): Magento\Framework\Model\AbstractModel->load('14551')
#25 /chroot/home/a11c8de6/03a7f673f4.nxcli.net/vendor/magento/framework/Interception/Interceptor.php(138): Magento\Catalog\Model\Product\Interceptor->___callParent('load', Array)
#26 /chroot/home/a11c8de6/03a7f673f4.nxcli.net/vendor/magento/framework/Interception/Interceptor.php(153): Magento\Catalog\Model\Product\Interceptor->Magento\Framework\Interception\{closure}('14551')
#27 /chroot/home/a11c8de6/03a7f673f4.nxcli.net/generated/code/Magento/Catalog/Model/Product/Interceptor.php(65): Magento\Catalog\Model\Product\Interceptor->___callPlugins('load', Array, Array)
#28 /chroot/home/a11c8de6/03a7f673f4.nxcli.net/vendor/magento/module-catalog/Model/ProductRepository.php(308): Magento\Catalog\Model\Product\Interceptor->load('14551')
#29 /chroot/home/a11c8de6/03a7f673f4.nxcli.net/vendor/dotmailer/dotmailer-magento2-extension/Model/Product/ParentFinder.php(75): Magento\Catalog\Model\ProductRepository->getById('14551', false, 1)
#30 /chroot/home/a11c8de6/03a7f673f4.nxcli.net/vendor/dotmailer/dotmailer-magento2-extension/Model/Catalog/UrlFinder.php(90): Dotdigitalgroup\Email\Model\Product\ParentFinder->getParentProduct(Object(Magento\Catalog\Model\Product\Interceptor))
#31 /chroot/home/a11c8de6/03a7f673f4.nxcli.net/vendor/dotmailer/dotmailer-magento2-extension/Model/Connector/Product.php(244): Dotdigitalgroup\Email\Model\Catalog\UrlFinder->fetchFor(Object(Magento\Catalog\Model\Product\Interceptor))
#32 /chroot/home/a11c8de6/03a7f673f4.nxcli.net/vendor/dotmailer/dotmailer-magento2-extension/Model/Sync/Catalog/Exporter.php(55): Dotdigitalgroup\Email\Model\Connector\Product->setProduct(Object(Magento\Catalog\Model\Product\Interceptor), '1')
#33 /chroot/home/a11c8de6/03a7f673f4.nxcli.net/vendor/dotmailer/dotmailer-magento2-extension/Model/Sync/Catalog/StoreCatalogSyncer.php(51): Dotdigitalgroup\Email\Model\Sync\Catalog\Exporter->exportCatalog('1', Array)
#34 /chroot/home/a11c8de6/03a7f673f4.nxcli.net/vendor/dotmailer/dotmailer-magento2-extension/Model/Sync/Catalog/StoreLevelCatalogSyncer.php(77): Dotdigitalgroup\Email\Model\Sync\Catalog\StoreCatalogSyncer->syncByStore(Array, '1', '1', 'Catalog_furnitu...')
#35 /chroot/home/a11c8de6/03a7f673f4.nxcli.net/vendor/dotmailer/dotmailer-magento2-extension/Model/Sync/Catalog.php(122): Dotdigitalgroup\Email\Model\Sync\Catalog\StoreLevelCatalogSyncer->sync(Array)
#36 /chroot/home/a11c8de6/03a7f673f4.nxcli.net/vendor/dotmailer/dotmailer-magento2-extension/Model/Sync/Catalog.php(89): Dotdigitalgroup\Email\Model\Sync\Catalog->syncCatalog(Array)
#37 /chroot/home/a11c8de6/03a7f673f4.nxcli.net/vendor/dotmailer/dotmailer-magento2-extension/Model/Cron.php(197): Dotdigitalgroup\Email\Model\Sync\Catalog->sync()
#38 [internal function]: Dotdigitalgroup\Email\Model\Cron->catalogSync(Object(Magento\Cron\Model\Schedule))
#39 /chroot/home/a11c8de6/03a7f673f4.nxcli.net/vendor/magento/module-cron/Observer/ProcessCronQueueObserver.php(317): call_user_func_array(Array, Array)
#40 /chroot/home/a11c8de6/03a7f673f4.nxcli.net/vendor/magento/module-cron/Observer/ProcessCronQueueObserver.php(737): Magento\Cron\Observer\ProcessCronQueueObserver->_runJob(1635490800, 1635490838, Array, Object(Magento\Cron\Model\Schedule), 'ddg_automation_...')
#41 /chroot/home/a11c8de6/03a7f673f4.nxcli.net/vendor/magento/module-cron/Observer/ProcessCronQueueObserver.php(243): Magento\Cron\Observer\ProcessCronQueueObserver->processPendingJobs('ddg_automation_...', Array, 1635490838)
#42 /chroot/home/a11c8de6/03a7f673f4.nxcli.net/vendor/magento/module-cron/Observer/ProcessCronQueueObserver.php(272): Magento\Cron\Observer\ProcessCronQueueObserver->Magento\Cron\Observer\{closure}('ddg_automation_...')
#43 /chroot/home/a11c8de6/03a7f673f4.nxcli.net/vendor/magento/module-cron/Observer/ProcessCronQueueObserver.php(244): Magento\Cron\Observer\ProcessCronQueueObserver->lockGroup('ddg_automation_...', Object(Closure))
#44 /chroot/home/a11c8de6/03a7f673f4.nxcli.net/vendor/magento/framework/Event/Invoker/InvokerDefault.php(88): Magento\Cron\Observer\ProcessCronQueueObserver->execute(Object(Magento\Framework\Event\Observer))
#45 /chroot/home/a11c8de6/03a7f673f4.nxcli.net/vendor/magento/framework/Event/Invoker/InvokerDefault.php(74): Magento\Framework\Event\Invoker\InvokerDefault->_callObserverMethod(Object(Magento\Cron\Observer\ProcessCronQueueObserver), Object(Magento\Framework\Event\Observer))
#46 /chroot/home/a11c8de6/03a7f673f4.nxcli.net/vendor/magento/framework/Event/Manager.php(66): Magento\Framework\Event\Invoker\InvokerDefault->dispatch(Array, Object(Magento\Framework\Event\Observer))
#47 /chroot/home/a11c8de6/03a7f673f4.nxcli.net/generated/code/Magento/Framework/Event/Manager/Proxy.php(95): Magento\Framework\Event\Manager->dispatch('default', Array)
#48 /chroot/home/a11c8de6/03a7f673f4.nxcli.net/vendor/magento/framework/App/Cron.php(86): Magento\Framework\Event\Manager\Proxy->dispatch('default')
#49 /chroot/home/a11c8de6/03a7f673f4.nxcli.net/vendor/magento/module-cron/Console/Command/CronCommand.php(117): Magento\Framework\App\Cron->launch()
#50 /chroot/home/a11c8de6/03a7f673f4.nxcli.net/vendor/symfony/console/Command/Command.php(255): Magento\Cron\Console\Command\CronCommand->execute(Object(Symfony\Component\Console\Input\ArgvInput), Object(Symfony\Component\Console\Output\ConsoleOutput))
#51 /chroot/home/a11c8de6/03a7f673f4.nxcli.net/vendor/magento/framework/Interception/Interceptor.php(58): Symfony\Component\Console\Command\Command->run(Object(Symfony\Component\Console\Input\ArgvInput), Object(Symfony\Component\Console\Output\ConsoleOutput))
#52 /chroot/home/a11c8de6/03a7f673f4.nxcli.net/vendor/magento/framework/Interception/Interceptor.php(138): Magento\Cron\Console\Command\CronCommand\Interceptor->___callParent('run', Array)
#53 /chroot/home/a11c8de6/03a7f673f4.nxcli.net/vendor/magento/framework/Interception/Interceptor.php(153): Magento\Cron\Console\Command\CronCommand\Interceptor->Magento\Framework\Interception\{closure}(Object(Symfony\Component\Console\Input\ArgvInput), Object(Symfony\Component\Console\Output\ConsoleOutput))
#54 /chroot/home/a11c8de6/03a7f673f4.nxcli.net/generated/code/Magento/Cron/Console/Command/CronCommand/Interceptor.php(26): Magento\Cron\Console\Command\CronCommand\Interceptor->___callPlugins('run', Array, Array)
#55 /chroot/home/a11c8de6/03a7f673f4.nxcli.net/vendor/symfony/console/Application.php(893): Magento\Cron\Console\Command\CronCommand\Interceptor->run(Object(Symfony\Component\Console\Input\ArgvInput), Object(Symfony\Component\Console\Output\ConsoleOutput))
#56 /chroot/home/a11c8de6/03a7f673f4.nxcli.net/vendor/symfony/console/Application.php(262): Symfony\Component\Console\Application->doRunCommand(Object(Magento\Cron\Console\Command\CronCommand\Interceptor), Object(Symfony\Component\Console\Input\ArgvInput), Object(Symfony\Component\Console\Output\ConsoleOutput))
#57 /chroot/home/a11c8de6/03a7f673f4.nxcli.net/vendor/magento/framework/Console/Cli.php(105): Symfony\Component\Console\Application->doRun(Object(Symfony\Component\Console\Input\ArgvInput), Object(Symfony\Component\Console\Output\ConsoleOutput))
#58 /chroot/home/a11c8de6/03a7f673f4.nxcli.net/vendor/symfony/console/Application.php(145): Magento\Framework\Console\Cli->doRun(Object(Symfony\Component\Console\Input\ArgvInput), Object(Symfony\Component\Console\Output\ConsoleOutput))
#59 /chroot/home/a11c8de6/03a7f673f4.nxcli.net/bin/magento(23): Symfony\Component\Console\Application->run()
#60 {main}

Next Zend_Db_Statement_Exception: SQLSTATE[42S22]: Column not found: 1054 Unknown column 'entity_value.value' in 'field list', query was: SELECT `entity`.`sku`, `product_entity`.`entity_id` AS `product_id`, `attribute`.`attribute_code`, `entity_value`.`value` AS `value_index`, `attribute_label`.`value` AS `super_attribute_label`, IFNULL(option_value.value, default_option_value.value) AS `option_title`, `default_option_value`.`value` AS `default_title` FROM `catalog_product_super_attribute` AS `super_attribute`
 INNER JOIN `catalog_product_entity` AS `product_entity` ON product_entity.entity_id = super_attribute.product_id
 INNER JOIN `catalog_product_super_link` AS `product_link` ON product_link.parent_id = super_attribute.product_id
 INNER JOIN `eav_attribute` AS `attribute` ON attribute.attribute_id = super_attribute.attribute_id
 INNER JOIN `catalog_product_entity` AS `entity` ON entity.entity_id = product_link.product_id
 INNER JOIN `catalog_product_entity` AS `entity_value` ON entity_value.attribute_id = super_attribute.attribute_id AND entity_value.store_id = 0 AND entity_value.entity_id = entity.entity_id
 LEFT JOIN `catalog_product_super_attribute_label` AS `attribute_label` ON super_attribute.product_super_attribute_id = attribute_label.product_super_attribute_id AND attribute_label.store_id = 0
 LEFT JOIN `eav_attribute_option` AS `attribute_option` ON attribute_option.option_id = entity_value.value
 LEFT JOIN `eav_attribute_option_value` AS `option_value` ON option_value.option_id = entity_value.value AND option_value.store_id = 1
 LEFT JOIN `eav_attribute_option_value` AS `default_option_value` ON default_option_value.option_id = entity_value.value AND default_option_value.store_id = 0 WHERE (super_attribute.product_id = 14551) AND (attribute.attribute_id = '') ORDER BY `attribute_option`.`sort_order` ASC
 in /chroot/home/a11c8de6/03a7f673f4.nxcli.net/vendor/magento/framework/DB/Statement/Pdo/Mysql.php:110
Stack trace:
#0 /chroot/home/a11c8de6/03a7f673f4.nxcli.net/vendor/magento/framework/DB/Statement/Pdo/Mysql.php(92): Magento\Framework\DB\Statement\Pdo\Mysql->tryExecute(Object(Closure))
#1 /chroot/home/a11c8de6/03a7f673f4.nxcli.net/vendor/magento/zendframework1/library/Zend/Db/Statement.php(303): Magento\Framework\DB\Statement\Pdo\Mysql->_execute(Array)
#2 /chroot/home/a11c8de6/03a7f673f4.nxcli.net/vendor/magento/zendframework1/library/Zend/Db/Adapter/Abstract.php(480): Zend_Db_Statement->execute(Array)
#3 /chroot/home/a11c8de6/03a7f673f4.nxcli.net/vendor/magento/zendframework1/library/Zend/Db/Adapter/Pdo/Abstract.php(238): Zend_Db_Adapter_Abstract->query('SELECT `entity`...', Array)
#4 /chroot/home/a11c8de6/03a7f673f4.nxcli.net/vendor/magento/framework/DB/Adapter/Pdo/Mysql.php(542): Zend_Db_Adapter_Pdo_Abstract->query('SELECT `entity`...', Array)
#5 /chroot/home/a11c8de6/03a7f673f4.nxcli.net/vendor/magento/framework/DB/Adapter/Pdo/Mysql.php(617): Magento\Framework\DB\Adapter\Pdo\Mysql->_query('SELECT `entity`...', Array)
#6 /chroot/home/a11c8de6/03a7f673f4.nxcli.net/vendor/magento/zendframework1/library/Zend/Db/Adapter/Abstract.php(737): Magento\Framework\DB\Adapter\Pdo\Mysql->query(Object(Magento\Framework\DB\Select), Array)
#7 /chroot/home/a11c8de6/03a7f673f4.nxcli.net/vendor/magento/module-configurable-product/Model/AttributeOptionProvider.php(57): Zend_Db_Adapter_Abstract->fetchAll(Object(Magento\Framework\DB\Select))
#8 /chroot/home/a11c8de6/03a7f673f4.nxcli.net/generated/code/Magento/ConfigurableProduct/Model/AttributeOptionProvider/Proxy.php(95): Magento\ConfigurableProduct\Model\AttributeOptionProvider->getAttributeOptions(Object(Magento\Catalog\Model\ResourceModel\Eav\Attribute\Interceptor), '14551')
#9 /chroot/home/a11c8de6/03a7f673f4.nxcli.net/vendor/magento/module-configurable-product/Model/ResourceModel/Product/Type/Configurable.php(238): Magento\ConfigurableProduct\Model\AttributeOptionProvider\Proxy->getAttributeOptions(Object(Magento\Catalog\Model\ResourceModel\Eav\Attribute\Interceptor), '14551')
#10 /chroot/home/a11c8de6/03a7f673f4.nxcli.net/vendor/magento/module-configurable-product/Model/ResourceModel/Product/Type/Configurable/Attribute/Collection.php(321): Magento\ConfigurableProduct\Model\ResourceModel\Product\Type\Configurable->getAttributeOptions(Object(Magento\Catalog\Model\ResourceModel\Eav\Attribute\Interceptor), '14551')
#11 /chroot/home/a11c8de6/03a7f673f4.nxcli.net/vendor/magento/module-configurable-product/Model/ResourceModel/Product/Type/Configurable/Attribute/Collection.php(205): Magento\ConfigurableProduct\Model\ResourceModel\Product\Type\Configurable\Attribute\Collection->loadOptions()
#12 /chroot/home/a11c8de6/03a7f673f4.nxcli.net/vendor/magento/framework/Data/Collection/AbstractDb.php(590): Magento\ConfigurableProduct\Model\ResourceModel\Product\Type\Configurable\Attribute\Collection->_afterLoad()
#13 /chroot/home/a11c8de6/03a7f673f4.nxcli.net/vendor/magento/framework/Data/Collection/AbstractDb.php(561): Magento\Framework\Data\Collection\AbstractDb->loadWithFilter(false, false)
#14 /chroot/home/a11c8de6/03a7f673f4.nxcli.net/vendor/magento/framework/Data/Collection.php(838): Magento\Framework\Data\Collection\AbstractDb->load()
#15 /chroot/home/a11c8de6/03a7f673f4.nxcli.net/vendor/magento/module-configurable-product/Helper/Product/Options/Loader.php(54): Magento\Framework\Data\Collection->getIterator()
#16 /chroot/home/a11c8de6/03a7f673f4.nxcli.net/vendor/magento/module-configurable-product/Model/Product/ReadHandler.php(48): Magento\ConfigurableProduct\Helper\Product\Options\Loader->load(Object(Magento\Catalog\Model\Product\Interceptor))
#17 /chroot/home/a11c8de6/03a7f673f4.nxcli.net/vendor/magento/framework/EntityManager/Operation/Read/ReadExtensions.php(48): Magento\ConfigurableProduct\Model\Product\ReadHandler->execute(Object(Magento\Catalog\Model\Product\Interceptor), Array)
#18 /chroot/home/a11c8de6/03a7f673f4.nxcli.net/vendor/magento/framework/EntityManager/Operation/Read.php(112): Magento\Framework\EntityManager\Operation\Read\ReadExtensions->execute(Object(Magento\Catalog\Model\Product\Interceptor), Array)
#19 /chroot/home/a11c8de6/03a7f673f4.nxcli.net/vendor/magento/framework/EntityManager/EntityManager.php(70): Magento\Framework\EntityManager\Operation\Read->execute(Object(Magento\Catalog\Model\Product\Interceptor), '14551', Array)
#20 /chroot/home/a11c8de6/03a7f673f4.nxcli.net/vendor/magento/module-catalog/Model/ResourceModel/Product.php(638): Magento\Framework\EntityManager\EntityManager->load(Object(Magento\Catalog\Model\Product\Interceptor), '14551')
#21 /chroot/home/a11c8de6/03a7f673f4.nxcli.net/vendor/magento/framework/Model/AbstractModel.php(540): Magento\Catalog\Model\ResourceModel\Product->load(Object(Magento\Catalog\Model\Product\Interceptor), '14551', NULL)
#22 /chroot/home/a11c8de6/03a7f673f4.nxcli.net/vendor/magento/framework/Interception/Interceptor.php(58): Magento\Framework\Model\AbstractModel->load('14551')
#23 /chroot/home/a11c8de6/03a7f673f4.nxcli.net/vendor/magento/framework/Interception/Interceptor.php(138): Magento\Catalog\Model\Product\Interceptor->___callParent('load', Array)
#24 /chroot/home/a11c8de6/03a7f673f4.nxcli.net/vendor/magento/framework/Interception/Interceptor.php(153): Magento\Catalog\Model\Product\Interceptor->Magento\Framework\Interception\{closure}('14551')
#25 /chroot/home/a11c8de6/03a7f673f4.nxcli.net/generated/code/Magento/Catalog/Model/Product/Interceptor.php(65): Magento\Catalog\Model\Product\Interceptor->___callPlugins('load', Array, Array)
#26 /chroot/home/a11c8de6/03a7f673f4.nxcli.net/vendor/magento/module-catalog/Model/ProductRepository.php(308): Magento\Catalog\Model\Product\Interceptor->load('14551')
#27 /chroot/home/a11c8de6/03a7f673f4.nxcli.net/vendor/dotmailer/dotmailer-magento2-extension/Model/Product/ParentFinder.php(75): Magento\Catalog\Model\ProductRepository->getById('14551', false, 1)
#28 /chroot/home/a11c8de6/03a7f673f4.nxcli.net/vendor/dotmailer/dotmailer-magento2-extension/Model/Catalog/UrlFinder.php(90): Dotdigitalgroup\Email\Model\Product\ParentFinder->getParentProduct(Object(Magento\Catalog\Model\Product\Interceptor))
#29 /chroot/home/a11c8de6/03a7f673f4.nxcli.net/vendor/dotmailer/dotmailer-magento2-extension/Model/Connector/Product.php(244): Dotdigitalgroup\Email\Model\Catalog\UrlFinder->fetchFor(Object(Magento\Catalog\Model\Product\Interceptor))
#30 /chroot/home/a11c8de6/03a7f673f4.nxcli.net/vendor/dotmailer/dotmailer-magento2-extension/Model/Sync/Catalog/Exporter.php(55): Dotdigitalgroup\Email\Model\Connector\Product->setProduct(Object(Magento\Catalog\Model\Product\Interceptor), '1')
#31 /chroot/home/a11c8de6/03a7f673f4.nxcli.net/vendor/dotmailer/dotmailer-magento2-extension/Model/Sync/Catalog/StoreCatalogSyncer.php(51): Dotdigitalgroup\Email\Model\Sync\Catalog\Exporter->exportCatalog('1', Array)
#32 /chroot/home/a11c8de6/03a7f673f4.nxcli.net/vendor/dotmailer/dotmailer-magento2-extension/Model/Sync/Catalog/StoreLevelCatalogSyncer.php(77): Dotdigitalgroup\Email\Model\Sync\Catalog\StoreCatalogSyncer->syncByStore(Array, '1', '1', 'Catalog_furnitu...')
#33 /chroot/home/a11c8de6/03a7f673f4.nxcli.net/vendor/dotmailer/dotmailer-magento2-extension/Model/Sync/Catalog.php(122): Dotdigitalgroup\Email\Model\Sync\Catalog\StoreLevelCatalogSyncer->sync(Array)
#34 /chroot/home/a11c8de6/03a7f673f4.nxcli.net/vendor/dotmailer/dotmailer-magento2-extension/Model/Sync/Catalog.php(89): Dotdigitalgroup\Email\Model\Sync\Catalog->syncCatalog(Array)
#35 /chroot/home/a11c8de6/03a7f673f4.nxcli.net/vendor/dotmailer/dotmailer-magento2-extension/Model/Cron.php(197): Dotdigitalgroup\Email\Model\Sync\Catalog->sync()
#36 [internal function]: Dotdigitalgroup\Email\Model\Cron->catalogSync(Object(Magento\Cron\Model\Schedule))
#37 /chroot/home/a11c8de6/03a7f673f4.nxcli.net/vendor/magento/module-cron/Observer/ProcessCronQueueObserver.php(317): call_user_func_array(Array, Array)
#38 /chroot/home/a11c8de6/03a7f673f4.nxcli.net/vendor/magento/module-cron/Observer/ProcessCronQueueObserver.php(737): Magento\Cron\Observer\ProcessCronQueueObserver->_runJob(1635490800, 1635490838, Array, Object(Magento\Cron\Model\Schedule), 'ddg_automation_...')
#39 /chroot/home/a11c8de6/03a7f673f4.nxcli.net/vendor/magento/module-cron/Observer/ProcessCronQueueObserver.php(243): Magento\Cron\Observer\ProcessCronQueueObserver->processPendingJobs('ddg_automation_...', Array, 1635490838)
#40 /chroot/home/a11c8de6/03a7f673f4.nxcli.net/vendor/magento/module-cron/Observer/ProcessCronQueueObserver.php(272): Magento\Cron\Observer\ProcessCronQueueObserver->Magento\Cron\Observer\{closure}('ddg_automation_...')
#41 /chroot/home/a11c8de6/03a7f673f4.nxcli.net/vendor/magento/module-cron/Observer/ProcessCronQueueObserver.php(244): Magento\Cron\Observer\ProcessCronQueueObserver->lockGroup('ddg_automation_...', Object(Closure))
#42 /chroot/home/a11c8de6/03a7f673f4.nxcli.net/vendor/magento/framework/Event/Invoker/InvokerDefault.php(88): Magento\Cron\Observer\ProcessCronQueueObserver->execute(Object(Magento\Framework\Event\Observer))
#43 /chroot/home/a11c8de6/03a7f673f4.nxcli.net/vendor/magento/framework/Event/Invoker/InvokerDefault.php(74): Magento\Framework\Event\Invoker\InvokerDefault->_callObserverMethod(Object(Magento\Cron\Observer\ProcessCronQueueObserver), Object(Magento\Framework\Event\Observer))
#44 /chroot/home/a11c8de6/03a7f673f4.nxcli.net/vendor/magento/framework/Event/Manager.php(66): Magento\Framework\Event\Invoker\InvokerDefault->dispatch(Array, Object(Magento\Framework\Event\Observer))
#45 /chroot/home/a11c8de6/03a7f673f4.nxcli.net/generated/code/Magento/Framework/Event/Manager/Proxy.php(95): Magento\Framework\Event\Manager->dispatch('default', Array)
#46 /chroot/home/a11c8de6/03a7f673f4.nxcli.net/vendor/magento/framework/App/Cron.php(86): Magento\Framework\Event\Manager\Proxy->dispatch('default')
#47 /chroot/home/a11c8de6/03a7f673f4.nxcli.net/vendor/magento/module-cron/Console/Command/CronCommand.php(117): Magento\Framework\App\Cron->launch()
#48 /chroot/home/a11c8de6/03a7f673f4.nxcli.net/vendor/symfony/console/Command/Command.php(255): Magento\Cron\Console\Command\CronCommand->execute(Object(Symfony\Component\Console\Input\ArgvInput), Object(Symfony\Component\Console\Output\ConsoleOutput))
#49 /chroot/home/a11c8de6/03a7f673f4.nxcli.net/vendor/magento/framework/Interception/Interceptor.php(58): Symfony\Component\Console\Command\Command->run(Object(Symfony\Component\Console\Input\ArgvInput), Object(Symfony\Component\Console\Output\ConsoleOutput))
#50 /chroot/home/a11c8de6/03a7f673f4.nxcli.net/vendor/magento/framework/Interception/Interceptor.php(138): Magento\Cron\Console\Command\CronCommand\Interceptor->___callParent('run', Array)
#51 /chroot/home/a11c8de6/03a7f673f4.nxcli.net/vendor/magento/framework/Interception/Interceptor.php(153): Magento\Cron\Console\Command\CronCommand\Interceptor->Magento\Framework\Interception\{closure}(Object(Symfony\Component\Console\Input\ArgvInput), Object(Symfony\Component\Console\Output\ConsoleOutput))
#52 /chroot/home/a11c8de6/03a7f673f4.nxcli.net/generated/code/Magento/Cron/Console/Command/CronCommand/Interceptor.php(26): Magento\Cron\Console\Command\CronCommand\Interceptor->___callPlugins('run', Array, Array)
#53 /chroot/home/a11c8de6/03a7f673f4.nxcli.net/vendor/symfony/console/Application.php(893): Magento\Cron\Console\Command\CronCommand\Interceptor->run(Object(Symfony\Component\Console\Input\ArgvInput), Object(Symfony\Component\Console\Output\ConsoleOutput))
#54 /chroot/home/a11c8de6/03a7f673f4.nxcli.net/vendor/symfony/console/Application.php(262): Symfony\Component\Console\Application->doRunCommand(Object(Magento\Cron\Console\Command\CronCommand\Interceptor), Object(Symfony\Component\Console\Input\ArgvInput), Object(Symfony\Component\Console\Output\ConsoleOutput))
#55 /chroot/home/a11c8de6/03a7f673f4.nxcli.net/vendor/magento/framework/Console/Cli.php(105): Symfony\Component\Console\Application->doRun(Object(Symfony\Component\Console\Input\ArgvInput), Object(Symfony\Component\Console\Output\ConsoleOutput))
#56 /chroot/home/a11c8de6/03a7f673f4.nxcli.net/vendor/symfony/console/Application.php(145): Magento\Framework\Console\Cli->doRun(Object(Symfony\Component\Console\Input\ArgvInput), Object(Symfony\Component\Console\Output\ConsoleOutput))
#57 /chroot/home/a11c8de6/03a7f673f4.nxcli.net/bin/magento(23): Symfony\Component\Console\Application->run()
#58 {main} [] []
[2021-10-29 07:00:39] dotdigital.INFO: ----------- Catalog sync ----------- : 00:00:00, Total processed = 50, Total synced = 0 [] []
