[2021-08-10 05:36:45] main.DEBUG: cache_invalidate:  {"method":"GET","url":"https://03a7f673f4.nxcli.net/newsletter_popup/css/index/","invalidateInfo":{"identifier":"interception"}} []
[2021-08-10 05:38:00] main.DEBUG: cache_invalidate:  {"method":"POST","url":"https://03a7f673f4.nxcli.net/lanchas-kayaks-y-accesorios/accesorios-marinos/asientos-bases.html","invalidateInfo":{"identifier":"interception"}} []
[2021-08-10 06:06:54] main.DEBUG: cache_invalidate:  {"method":"GET","url":"http:/","invalidateInfo":{"identifier":"interception"}} []
[2021-08-10 06:14:38] main.DEBUG: cache_invalidate:  {"method":"GET","url":"http:/","invalidateInfo":{"identifier":"interception"}} []
[2021-08-10 06:14:54] main.DEBUG: cache_invalidate:  {"method":"GET","url":"http:/","invalidateInfo":{"identifier":"interception"}} []
[2021-08-10 06:15:01] main.DEBUG: cache_invalidate:  {"method":"GET","url":"https://03a7f673f4.nxcli.net/cou1403112c1admin/admin/system_config/edit/section/layered_navigation/key/d8d93c0dc4d5e877f3bc978e40bcf03f01b8ae3129385a641217fa7341a38072/","invalidateInfo":{"identifier":"interception"}} []
[2021-08-10 06:24:16] main.DEBUG: cache_invalidate:  {"method":"GET","url":"https://03a7f673f4.nxcli.net/newsletter_popup/css/index/","invalidateInfo":{"identifier":"interception"}} []
[2021-08-10 06:42:31] main.DEBUG: cache_invalidate:  {"method":"GET","url":"https://03a7f673f4.nxcli.net/lanchas-kayaks-y-accesorios/downriggers-outriggers.html","invalidateInfo":{"identifier":"interception"}} []
[2021-08-10 06:55:27] main.DEBUG: cache_invalidate:  {"method":"GET","url":"http:/","invalidateInfo":{"identifier":"interception"}} []
[2021-08-10 07:20:11] main.DEBUG: cache_invalidate:  {"method":"POST","url":"https://03a7f673f4.nxcli.net/lanchas-kayaks-y-accesorios/accesorios-marinos/asientos-bases.html","invalidateInfo":{"identifier":"interception"}} []
[2021-08-10 08:01:33] main.DEBUG: cache_invalidate:  {"method":"GET","url":"http:/","invalidateInfo":{"identifier":"interception"}} []
[2021-08-10 09:58:05] main.DEBUG: cache_invalidate:  {"method":"GET","url":"http:/","invalidateInfo":{"identifier":"interception"}} []
[2021-08-10 09:58:18] main.DEBUG: cache_invalidate:  {"method":"GET","url":"http:/","invalidateInfo":{"identifier":"interception"}} []
[2021-08-10 10:30:59] main.DEBUG: cache_invalidate:  {"method":"GET","url":"https://03a7f673f4.nxcli.net/cou1403112c1admin/admin/cache/index/key/80fd557f051fdc64a8e4544810609a90967b41aa929450c837dbc63813548832/","invalidateInfo":{"identifier":"interception"}} []
[2021-08-10 10:31:17] main.DEBUG: cache_invalidate:  {"method":"GET","url":"https://03a7f673f4.nxcli.net/cou1403112c1admin/admin/cache/index/key/80fd557f051fdc64a8e4544810609a90967b41aa929450c837dbc63813548832/","invalidateInfo":{"identifier":"interception"}} []
[2021-08-10 10:38:07] main.DEBUG: cache_invalidate:  {"method":"GET","url":"https://03a7f673f4.nxcli.net/cou1403112c1admin/admin/cache/index/key/6ecf0d3882a16c5d46d29126c23a2e1c05125e6d60f7425ba76aa5fb5672960f/","invalidateInfo":{"identifier":"interception"}} []
[2021-08-10 10:38:17] main.DEBUG: cache_invalidate:  {"method":"GET","url":"https://03a7f673f4.nxcli.net/cou1403112c1admin/mui/index/render/key/cc2db5b09e5eb3292708c78a68228abff9f98200d115b17f57c34d0ce1fd4189/?namespace=notification_area&sorting%5Bfield%5D=created_at&sorting%5Bdirection%5D=asc&isAjax=true","invalidateInfo":{"identifier":"interception"}} []
[2021-08-10 10:38:17] main.DEBUG: cache_invalidate:  {"method":"GET","url":"https://03a7f673f4.nxcli.net/cou1403112c1admin/admin/cache/index/key/6ecf0d3882a16c5d46d29126c23a2e1c05125e6d60f7425ba76aa5fb5672960f/","invalidateInfo":{"identifier":"interception"}} []
[2021-08-10 10:40:15] main.DEBUG: cache_invalidate:  {"method":"GET","url":"http:/","invalidateInfo":{"identifier":"interception"}} []
[2021-08-10 10:40:22] main.DEBUG: cache_invalidate:  {"method":"GET","url":"http:/","invalidateInfo":{"identifier":"interception"}} []
[2021-08-10 10:40:38] main.DEBUG: cache_invalidate:  {"method":"GET","url":"http:/","invalidateInfo":{"identifier":"interception"}} []
[2021-08-10 10:40:49] main.DEBUG: cache_invalidate:  {"method":"GET","url":"http:/","invalidateInfo":{"identifier":"interception"}} []
